2020-02-04 22:04:11 EST LOG:  database system was shut down at 2020-02-04 22:03:34 EST
2020-02-04 22:04:11 EST LOG:  MultiXact member wraparound protections are now enabled
2020-02-04 22:04:11 EST LOG:  database system is ready to accept connections
2020-02-04 22:04:11 EST LOG:  autovacuum launcher started
2020-02-04 22:15:25 EST FATAL:  password authentication failed for user "admin"
2020-02-04 22:15:25 EST DETAIL:  Connection matched pg_hba.conf line 82: "host    all             all             ::1/128                 md5"
2020-02-04 22:15:35 EST FATAL:  password authentication failed for user "admin"
2020-02-04 22:15:35 EST DETAIL:  Connection matched pg_hba.conf line 82: "host    all             all             ::1/128                 md5"
2020-02-04 22:16:07 EST FATAL:  password authentication failed for user "vasundhra"
2020-02-04 22:16:07 EST DETAIL:  Connection matched pg_hba.conf line 82: "host    all             all             ::1/128                 md5"
2020-02-04 22:19:35 EST FATAL:  password authentication failed for user "admin"
2020-02-04 22:19:35 EST DETAIL:  Connection matched pg_hba.conf line 82: "host    all             all             ::1/128                 md5"
2020-02-04 22:21:09 EST FATAL:  password authentication failed for user "admin"
2020-02-04 22:21:09 EST DETAIL:  Connection matched pg_hba.conf line 82: "host    all             all             ::1/128                 md5"
2020-02-04 22:24:41 EST FATAL:  password authentication failed for user "vasun"
2020-02-04 22:24:41 EST DETAIL:  Connection matched pg_hba.conf line 82: "host    all             all             ::1/128                 md5"
2020-02-04 22:24:51 EST FATAL:  password authentication failed for user "vasundhra"
2020-02-04 22:24:51 EST DETAIL:  Connection matched pg_hba.conf line 82: "host    all             all             ::1/128                 md5"
2020-02-04 22:32:19 EST FATAL:  password authentication failed for user "vasun"
2020-02-04 22:32:19 EST DETAIL:  Connection matched pg_hba.conf line 82: "host    all             all             ::1/128                 md5"
2020-02-04 22:32:33 EST FATAL:  password authentication failed for user "vasun"
2020-02-04 22:32:33 EST DETAIL:  Connection matched pg_hba.conf line 82: "host    all             all             ::1/128                 md5"
2020-02-04 22:33:12 EST FATAL:  password authentication failed for user "vasun"
2020-02-04 22:33:12 EST DETAIL:  Connection matched pg_hba.conf line 82: "host    all             all             ::1/128                 md5"
2020-02-04 22:33:54 EST FATAL:  password authentication failed for user "vasun"
2020-02-04 22:33:54 EST DETAIL:  Connection matched pg_hba.conf line 82: "host    all             all             ::1/128                 md5"
2020-02-04 22:34:08 EST FATAL:  password authentication failed for user "vasun"
2020-02-04 22:34:08 EST DETAIL:  Connection matched pg_hba.conf line 82: "host    all             all             ::1/128                 md5"
2020-02-04 22:36:28 EST FATAL:  password authentication failed for user "vasun"
2020-02-04 22:36:28 EST DETAIL:  Connection matched pg_hba.conf line 82: "host    all             all             ::1/128                 md5"
2020-02-04 22:36:42 EST FATAL:  password authentication failed for user "vasun"
2020-02-04 22:36:42 EST DETAIL:  Connection matched pg_hba.conf line 82: "host    all             all             ::1/128                 md5"
2020-02-04 22:38:22 EST FATAL:  database "APP" does not exist
2020-02-04 22:40:24 EST LOG:  could not receive data from client: An existing connection was forcibly closed by the remote host.
	
2020-02-04 22:51:47 EST FATAL:  database "APP" does not exist
2020-02-04 22:52:00 EST FATAL:  database "App" does not exist
